2024.07.11 14:15:39 INFO  Started: Metals version 1.3.2 in folders '/home/zcy/ysyx/ysyx-workbench/ysyxSoC' for client Visual Studio Code 1.91.0.[0m
SLF4J(W): Class path contains multiple SLF4J providers.
SLF4J(W): Found provider [scribe.slf4j.ScribeServiceProvider@43a44c08]
SLF4J(W): Found provider [ch.qos.logback.classic.spi.LogbackServiceProvider@49b870c8]
SLF4J(W): See https://www.slf4j.org/codes.html#multiple_bindings for an explanation.
SLF4J(I): Actual provider is of type [scribe.slf4j.ScribeServiceProvider@43a44c08]
2024.07.11 14:15:39 WARN  Flyway upgrade recommended: H2 2.2.224 is newer than this version of Flyway and support has not been tested. The latest supported version of H2 is 2.2.220.[0m
2024.07.11 18:12:51 INFO  Shutting down server[0m
2024.07.11 18:12:51 INFO  shutting down Metals[0m
2024.07.11 18:12:51 INFO  Exiting server[0m
2024.07.11 19:39:29 INFO  Started: Metals version 1.3.2 in folders '/home/zcy/ysyx/ysyx-workbench/ysyxSoC' for client Visual Studio Code 1.91.0.[0m
SLF4J(W): Class path contains multiple SLF4J providers.
SLF4J(W): Found provider [scribe.slf4j.ScribeServiceProvider@3ee642c5]
SLF4J(W): Found provider [ch.qos.logback.classic.spi.LogbackServiceProvider@48a44055]
SLF4J(W): See https://www.slf4j.org/codes.html#multiple_bindings for an explanation.
SLF4J(I): Actual provider is of type [scribe.slf4j.ScribeServiceProvider@3ee642c5]
2024.07.11 19:39:29 WARN  Flyway upgrade recommended: H2 2.2.224 is newer than this version of Flyway and support has not been tested. The latest supported version of H2 is 2.2.220.[0m
2024.07.11 20:36:16 INFO  Shutting down server[0m
2024.07.11 20:36:16 INFO  shutting down Metals[0m
2024.07.11 20:36:16 INFO  Exiting server[0m
2024.07.12 10:43:45 INFO  Started: Metals version 1.3.2 in folders '/home/zcy/ysyx/ysyx-workbench/ysyxSoC' for client Visual Studio Code 1.91.0.[0m
SLF4J(W): Class path contains multiple SLF4J providers.
SLF4J(W): Found provider [scribe.slf4j.ScribeServiceProvider@5b09f060]
SLF4J(W): Found provider [ch.qos.logback.classic.spi.LogbackServiceProvider@8cec81e]
SLF4J(W): See https://www.slf4j.org/codes.html#multiple_bindings for an explanation.
SLF4J(I): Actual provider is of type [scribe.slf4j.ScribeServiceProvider@5b09f060]
2024.07.12 10:43:46 WARN  Flyway upgrade recommended: H2 2.2.224 is newer than this version of Flyway and support has not been tested. The latest supported version of H2 is 2.2.220.[0m
2024.07.12 12:06:41 INFO  Shutting down server[0m
2024.07.12 12:06:41 INFO  shutting down Metals[0m
2024.07.12 12:06:41 INFO  Exiting server[0m
2024.07.26 09:35:36 INFO  Started: Metals version 1.3.4 in folders '/home/zcy/ysyx/ysyx-workbench/ysyxSoC' for client Visual Studio Code 1.91.1.[0m
SLF4J(W): Class path contains multiple SLF4J providers.
SLF4J(W): Found provider [scribe.slf4j.ScribeServiceProvider@71cbf274]
SLF4J(W): Found provider [ch.qos.logback.classic.spi.LogbackServiceProvider@3acc1653]
SLF4J(W): See https://www.slf4j.org/codes.html#multiple_bindings for an explanation.
SLF4J(I): Actual provider is of type [scribe.slf4j.ScribeServiceProvider@71cbf274]
2024.07.26 09:35:36 WARN  Flyway upgrade recommended: H2 2.3.230 is newer than this version of Flyway and support has not been tested. The latest supported version of H2 is 2.2.220.[0m
2024.07.26 13:53:30 INFO  Started: Metals version 1.3.4 in folders '/home/zcy/ysyx/ysyx-workbench/ysyxSoC' for client Visual Studio Code 1.91.1.[0m
SLF4J(W): Class path contains multiple SLF4J providers.
SLF4J(W): Found provider [scribe.slf4j.ScribeServiceProvider@1c7b24c7]
SLF4J(W): Found provider [ch.qos.logback.classic.spi.LogbackServiceProvider@2a3a506e]
SLF4J(W): See https://www.slf4j.org/codes.html#multiple_bindings for an explanation.
SLF4J(I): Actual provider is of type [scribe.slf4j.ScribeServiceProvider@1c7b24c7]
2024.07.26 13:53:34 WARN  Flyway upgrade recommended: H2 2.3.230 is newer than this version of Flyway and support has not been tested. The latest supported version of H2 is 2.2.220.[0m
2024.07.26 16:08:32 INFO  Shutting down server[0m
2024.07.26 16:08:32 INFO  shutting down Metals[0m
2024.07.26 16:08:32 INFO  Exiting server[0m
2024.07.28 22:58:18 INFO  Started: Metals version 1.3.4 in folders '/home/zcy/ysyx/ysyx-workbench/ysyxSoC' for client Visual Studio Code 1.91.1.[0m
SLF4J(W): Class path contains multiple SLF4J providers.
SLF4J(W): Found provider [scribe.slf4j.ScribeServiceProvider@7d42e997]
SLF4J(W): Found provider [ch.qos.logback.classic.spi.LogbackServiceProvider@35079ace]
SLF4J(W): See https://www.slf4j.org/codes.html#multiple_bindings for an explanation.
SLF4J(I): Actual provider is of type [scribe.slf4j.ScribeServiceProvider@7d42e997]
2024.07.28 22:58:18 WARN  Flyway upgrade recommended: H2 2.3.230 is newer than this version of Flyway and support has not been tested. The latest supported version of H2 is 2.2.220.[0m
2024.07.29 00:06:56 INFO  Shutting down server[0m
2024.07.29 00:06:56 INFO  shutting down Metals[0m
2024.07.29 00:06:56 INFO  Exiting server[0m
2024.07.29 09:44:27 INFO  Started: Metals version 1.3.4 in folders '/home/zcy/ysyx/ysyx-workbench/ysyxSoC' for client Visual Studio Code 1.91.1.[0m
SLF4J(W): Class path contains multiple SLF4J providers.
SLF4J(W): Found provider [scribe.slf4j.ScribeServiceProvider@fe9e343]
SLF4J(W): Found provider [ch.qos.logback.classic.spi.LogbackServiceProvider@6cf8ea91]
SLF4J(W): See https://www.slf4j.org/codes.html#multiple_bindings for an explanation.
SLF4J(I): Actual provider is of type [scribe.slf4j.ScribeServiceProvider@fe9e343]
2024.07.29 09:44:28 WARN  Flyway upgrade recommended: H2 2.3.230 is newer than this version of Flyway and support has not been tested. The latest supported version of H2 is 2.2.220.[0m
2024.07.30 01:20:22 INFO  Shutting down server[0m
2024.07.30 01:20:22 INFO  shutting down Metals[0m
2024.07.30 01:20:22 INFO  Exiting server[0m
2024.07.30 11:02:55 INFO  Started: Metals version 1.3.4 in folders '/home/zcy/ysyx/ysyx-workbench/ysyxSoC' for client Visual Studio Code 1.91.1.[0m
SLF4J(W): Class path contains multiple SLF4J providers.
SLF4J(W): Found provider [scribe.slf4j.ScribeServiceProvider@51d59682]
SLF4J(W): Found provider [ch.qos.logback.classic.spi.LogbackServiceProvider@620cd3d3]
SLF4J(W): See https://www.slf4j.org/codes.html#multiple_bindings for an explanation.
SLF4J(I): Actual provider is of type [scribe.slf4j.ScribeServiceProvider@51d59682]
2024.07.30 11:02:56 WARN  Flyway upgrade recommended: H2 2.3.230 is newer than this version of Flyway and support has not been tested. The latest supported version of H2 is 2.2.220.[0m
2024.07.30 12:14:27 INFO  Shutting down server[0m
2024.07.30 12:14:27 INFO  shutting down Metals[0m
2024.07.30 12:14:27 INFO  Exiting server[0m
